<?xml version="1.0" encoding="UTF-8"?>
<testsuite xmlns:xsi="http://www.w3.org/2001/XMLSchema-instance" xsi:noNamespaceSchemaLocation="https://maven.apache.org/surefire/maven-surefire-plugin/xsd/surefire-test-report-3.0.xsd" version="3.0" name="com.mobiquity.tests.MobiquityTest" time="31.258" tests="6" errors="0" skipped="0" failures="1">
  <properties>
[...]
</properties>
  <testcase name="postUser" classname="com.mobiquity.tests.MobiquityTest" time="12.208"/>
  <testcase name="deleteUser" classname="com.mobiquity.tests.MobiquityTest" time="0.598"/>
  <testcase name="getDeletedUser" classname="com.mobiquity.tests.MobiquityTest" time="0.958">
    <failure message="expected: &lt;0&gt; but was: &lt;1&gt;" type="org.opentest4j.AssertionFailedError"><![CDATA[org.opentest4j.AssertionFailedError: expected: <0> but was: <1>
	at com.mobiquity.tests.MobiquityTest.getDeletedUser(MobiquityTest.java:89)
]]></failure>
    <system-out><![CDATA[[21/11/18 23:13:38] [INFO] [tests.MobiquityTest]: Trying to see if I can still get a user which is already deleted
[21/11/18 23:13:38] [INFO] [clients.UsersClient]: Getting a user with id = 5
[21/11/18 23:13:39] [ERROR] [tests.TestListener]: Test case has failed
]]></system-out>
  </testcase>
  <testcase name="getUser" classname="com.mobiquity.tests.MobiquityTest" time="0.684"/>
  <testcase name="checkEmailFormat" classname="com.mobiquity.tests.MobiquityTest" time="7.216"/>
  <testcase name="getPostIDs" classname="com.mobiquity.tests.MobiquityTest" time="0.431"/>
</testsuite>